<?xml version="1.0" encoding="UTF-8"?>
<!-- Generated by org.testng.reporters.JUnitReportReporter -->
<testsuite hostname="DESKTOP-DUERR93" failures="0" tests="4" name="ExcelAutomation.dataExtracter" time="0.015" errors="0" timestamp="2024-07-01T15:45:23 IST" skipped="0">
  <testcase classname="ExcelAutomation.dataExtracter" name="testcasedata" time="0.010"/>
  <testcase classname="ExcelAutomation.dataExtracter" name="testcasedata" time="0.002"/>
  <testcase classname="ExcelAutomation.dataExtracter" name="testcasedata" time="0.002"/>
  <testcase classname="ExcelAutomation.dataExtracter" name="testcasedata" time="0.001"/>
</testsuite> <!-- ExcelAutomation.dataExtracter -->
